<?xml version="1.0" encoding="UTF-8"?>
<!-- Generated by org.testng.reporters.JUnitReportReporter -->
<testsuite hostname="LAPTOP-PGPBS0AG" failures="0" tests="1" name="restAPI.practiceProject.StandAloneTest" time="7.133" errors="0" timestamp="2023-09-07T17:37:33 IST" skipped="0">
  <testcase classname="restAPI.practiceProject.StandAloneTest" name="SubmitOrder" time="7.133"/>
  <system-out/>
</testsuite> <!-- restAPI.practiceProject.StandAloneTest -->
