<?xml version="1.0" encoding="UTF-8"?>
<!-- Generated by org.testng.reporters.JUnitReportReporter -->
<testsuite hostname="LAPTOP-PGPBS0AG" failures="0" tests="3" name="TestSuit.StandAloneTest" time="10.216" errors="0" timestamp="2023-09-12T17:50:30 IST" skipped="1">
  <testcase classname="TestSuit.StandAloneTest" name="SubmitOrder" time="5.932"/>
  <system-out/>
  <testcase classname="TestSuit.StandAloneTest" name="SubmitOrder" time="4.284"/>
  <system-out/>
  <testcase classname="TestSuit.StandAloneTest" name="verifyOrder">
    <skipped/>
  </testcase> <!-- verifyOrder -->
  <system-out/>
</testsuite> <!-- TestSuit.StandAloneTest -->
